<?xml version="1.0" encoding="UTF-8"?>
<coverage generated="1651131296685" clover="3.2.0">
  <project timestamp="1651131296685" name="All files">
    <metrics statements="31" coveredstatements="31" conditionals="11" coveredconditionals="9" methods="9" coveredmethods="9" elements="51" coveredelements="49" complexity="0" loc="31" ncloc="31" packages="1" files="3" classes="3"/>
    <file name="account.js" path="/Users/jonnyabrams/Projects/Makers/bank-tech-test/src/account.js">
      <metrics statements="18" coveredstatements="18" conditionals="6" coveredconditionals="5" methods="5" coveredmethods="5"/>
      <line num="1" count="1" type="stmt"/>
      <line num="2" count="1" type="stmt"/>
      <line num="6" count="8" type="stmt"/>
      <line num="7" count="8" type="stmt"/>
      <line num="8" count="8" type="stmt"/>
      <line num="12" count="7" type="stmt"/>
      <line num="13" count="7" type="stmt"/>
      <line num="14" count="7" type="stmt"/>
      <line num="18" count="5" type="cond" truecount="2" falsecount="0"/>
      <line num="19" count="3" type="cond" truecount="1" falsecount="1"/>
      <line num="21" count="3" type="stmt"/>
      <line num="22" count="3" type="stmt"/>
      <line num="23" count="3" type="stmt"/>
      <line num="27" count="11" type="stmt"/>
      <line num="31" count="1" type="stmt"/>
      <line num="35" count="7" type="stmt"/>
      <line num="40" count="3" type="stmt"/>
      <line num="45" count="1" type="stmt"/>
    </file>
    <file name="statement.js" path="/Users/jonnyabrams/Projects/Makers/bank-tech-test/src/statement.js">
      <metrics statements="9" coveredstatements="9" conditionals="4" coveredconditionals="3" methods="3" coveredmethods="3"/>
      <line num="3" count="11" type="stmt"/>
      <line num="4" count="11" type="stmt"/>
      <line num="8" count="2" type="stmt"/>
      <line num="12" count="2" type="stmt"/>
      <line num="13" count="2" type="cond" truecount="2" falsecount="0"/>
      <line num="14" count="1" type="stmt"/>
      <line num="17" count="1" type="cond" truecount="1" falsecount="1"/>
      <line num="18" count="1" type="stmt"/>
      <line num="24" count="2" type="stmt"/>
    </file>
    <file name="transaction.js" path="/Users/jonnyabrams/Projects/Makers/bank-tech-test/src/transaction.js">
      <metrics statements="4" coveredstatements="4" conditionals="1" coveredconditionals="1" methods="1" coveredmethods="1"/>
      <line num="3" count="14" type="stmt"/>
      <line num="4" count="14" type="stmt"/>
      <line num="5" count="14" type="stmt"/>
      <line num="9" count="2" type="stmt"/>
    </file>
  </project>
</coverage>
