<?xml version="1.0" encoding="UTF-8"?>
<coverage generated="1650891836091" clover="3.2.0">
  <project timestamp="1650891836091" name="All files">
    <metrics statements="14" coveredstatements="14" conditionals="4" coveredconditionals="4" methods="5" coveredmethods="5" elements="23" coveredelements="23" complexity="0" loc="14" ncloc="14" packages="1" files="1" classes="1"/>
    <file name="account.js" path="/Users/jonnyabrams/Projects/Makers/bank-tech-test/src/account.js">
      <metrics statements="14" coveredstatements="14" conditionals="4" coveredconditionals="4" methods="5" coveredmethods="5"/>
      <line num="3" count="8" type="stmt"/>
      <line num="4" count="8" type="stmt"/>
      <line num="8" count="21" type="stmt"/>
      <line num="12" count="1" type="stmt"/>
      <line num="16" count="7" type="stmt"/>
      <line num="17" count="7" type="stmt"/>
      <line num="18" count="7" type="stmt"/>
      <line num="22" count="5" type="cond" truecount="2" falsecount="0"/>
      <line num="24" count="3" type="stmt"/>
      <line num="25" count="3" type="stmt"/>
      <line num="26" count="3" type="stmt"/>
      <line num="30" count="7" type="stmt"/>
      <line num="34" count="3" type="stmt"/>
      <line num="38" count="1" type="stmt"/>
    </file>
  </project>
</coverage>
