{"/Users/jonnyabrams/Projects/Makers/bank-tech-test/src/account.js": {"path":"/Users/jonnyabrams/Projects/Makers/bank-tech-test/src/account.js","statementMap":{"0":{"start":{"line":3,"column":4},"end":{"line":3,"column":21}},"1":{"start":{"line":4,"column":4},"end":{"line":4,"column":26}},"2":{"start":{"line":8,"column":4},"end":{"line":8,"column":35}},"3":{"start":{"line":12,"column":4},"end":{"line":12,"column":81}},"4":{"start":{"line":16,"column":4},"end":{"line":16,"column":27}},"5":{"start":{"line":17,"column":4},"end":{"line":17,"column":38}},"6":{"start":{"line":18,"column":4},"end":{"line":18,"column":29}},"7":{"start":{"line":22,"column":4},"end":{"line":22,"column":68}},"8":{"start":{"line":22,"column":30},"end":{"line":22,"column":68}},"9":{"start":{"line":24,"column":4},"end":{"line":24,"column":27}},"10":{"start":{"line":25,"column":4},"end":{"line":25,"column":41}},"11":{"start":{"line":26,"column":4},"end":{"line":26,"column":29}},"12":{"start":{"line":30,"column":4},"end":{"line":30,"column":79}},"13":{"start":{"line":34,"column":4},"end":{"line":34,"column":79}},"14":{"start":{"line":38,"column":0},"end":{"line":38,"column":25}}},"fnMap":{"0":{"name":"(anonymous_0)","decl":{"start":{"line":2,"column":2},"end":{"line":2,"column":3}},"loc":{"start":{"line":2,"column":16},"end":{"line":5,"column":3}},"line":2},"1":{"name":"(anonymous_1)","decl":{"start":{"line":7,"column":2},"end":{"line":7,"column":3}},"loc":{"start":{"line":7,"column":15},"end":{"line":9,"column":3}},"line":7},"2":{"name":"(anonymous_2)","decl":{"start":{"line":11,"column":2},"end":{"line":11,"column":3}},"loc":{"start":{"line":11,"column":17},"end":{"line":13,"column":3}},"line":11},"3":{"name":"(anonymous_3)","decl":{"start":{"line":15,"column":2},"end":{"line":15,"column":3}},"loc":{"start":{"line":15,"column":65},"end":{"line":19,"column":3}},"line":15},"4":{"name":"(anonymous_4)","decl":{"start":{"line":21,"column":2},"end":{"line":21,"column":3}},"loc":{"start":{"line":21,"column":66},"end":{"line":27,"column":3}},"line":21}},"branchMap":{"0":{"loc":{"start":{"line":15,"column":18},"end":{"line":15,"column":63}},"type":"default-arg","locations":[{"start":{"line":15,"column":25},"end":{"line":15,"column":63}}],"line":15},"1":{"loc":{"start":{"line":21,"column":19},"end":{"line":21,"column":64}},"type":"default-arg","locations":[{"start":{"line":21,"column":26},"end":{"line":21,"column":64}}],"line":21},"2":{"loc":{"start":{"line":22,"column":4},"end":{"line":22,"column":68}},"type":"if","locations":[{"start":{"line":22,"column":4},"end":{"line":22,"column":68}},{"start":{},"end":{}}],"line":22}},"s":{"0":8,"1":8,"2":21,"3":1,"4":7,"5":7,"6":7,"7":5,"8":2,"9":3,"10":3,"11":3,"12":7,"13":3,"14":1},"f":{"0":8,"1":21,"2":1,"3":7,"4":5},"b":{"0":[4],"1":[3],"2":[2,3]},"_coverageSchema":"1a1c01bbd47fc00a2c39e90264f33305004495a9","hash":"07097b95b359206098731d6e0f150723543139c9"}
}
