TN:
SF:src/account.js
FN:5,(anonymous_0)
FN:11,(anonymous_1)
FN:17,(anonymous_2)
FN:26,(anonymous_3)
FN:30,(anonymous_4)
FNF:5
FNH:5
FNDA:8,(anonymous_0)
FNDA:7,(anonymous_1)
FNDA:5,(anonymous_2)
FNDA:11,(anonymous_3)
FNDA:1,(anonymous_4)
DA:1,1
DA:2,1
DA:6,8
DA:7,8
DA:8,8
DA:12,7
DA:13,7
DA:14,7
DA:18,5
DA:19,3
DA:21,3
DA:22,3
DA:23,3
DA:27,11
DA:31,1
DA:35,7
DA:40,3
DA:45,1
LF:18
LH:18
BRDA:5,0,0,8
BRDA:5,1,0,8
BRDA:18,2,0,2
BRDA:18,2,1,3
BRDA:19,3,0,0
BRDA:19,3,1,3
BRF:6
BRH:5
end_of_record
TN:
SF:src/statement.js
FN:2,(anonymous_0)
FN:7,(anonymous_1)
FN:12,(anonymous_2)
FNF:3
FNH:3
FNDA:11,(anonymous_0)
FNDA:2,(anonymous_1)
FNDA:2,(anonymous_2)
DA:3,11
DA:4,11
DA:8,2
DA:12,2
DA:13,2
DA:14,1
DA:17,1
DA:18,1
DA:24,2
LF:9
LH:9
BRDA:13,0,0,1
BRDA:13,0,1,1
BRDA:17,1,0,1
BRDA:17,1,1,0
BRF:4
BRH:3
end_of_record
TN:
SF:src/transaction.js
FN:2,(anonymous_0)
FNF:1
FNH:1
FNDA:14,(anonymous_0)
DA:3,14
DA:4,14
DA:5,14
DA:9,2
LF:4
LH:4
BRDA:2,0,0,10
BRF:1
BRH:1
end_of_record
